[debug] [2023-04-26T18:35:41.250Z] ----------------------------------------------------------------------
[debug] [2023-04-26T18:35:41.252Z] Command:       C:\Program Files\nodejs\node.exe C:\Users\getah\AppData\Roaming\npm\node_modules\firebase-tools\lib\bin\firebase.js emulators:start
[debug] [2023-04-26T18:35:41.252Z] CLI Version:   11.28.0
[debug] [2023-04-26T18:35:41.253Z] Platform:      win32
[debug] [2023-04-26T18:35:41.253Z] Node Version:  v18.15.0
[debug] [2023-04-26T18:35:41.254Z] Time:          Wed Apr 26 2023 14:35:41 GMT-0400 (Eastern Daylight Time)
[debug] [2023-04-26T18:35:41.254Z] ----------------------------------------------------------------------
[debug] 
[debug] [2023-04-26T18:35:41.353Z] > command requires scopes: ["email","openid","https://www.googleapis.com/auth/cloudplatformprojects.readonly","https://www.googleapis.com/auth/firebase","https://www.googleapis.com/auth/cloud-platform"]
[debug] [2023-04-26T18:35:41.354Z] > authorizing via signed-in user (getah8235@gmail.com)
[info] i  emulators: Starting emulators: functions, hosting {"metadata":{"emulator":{"name":"hub"},"message":"Starting emulators: functions, hosting"}}
[debug] [2023-04-26T18:35:41.364Z] [logging] Logging Emulator only supports listening on one address (127.0.0.1). Not listening on ::1
[debug] [2023-04-26T18:35:41.364Z] [hosting] Hosting Emulator only supports listening on one address (127.0.0.1). Not listening on ::1
[debug] [2023-04-26T18:35:41.364Z] assigned listening specs for emulators {"user":{"hub":[{"address":"127.0.0.1","family":"IPv4","port":4400},{"address":"::1","family":"IPv6","port":4400}],"ui":[{"address":"127.0.0.1","family":"IPv4","port":4000},{"address":"::1","family":"IPv6","port":4000}],"logging":[{"address":"127.0.0.1","family":"IPv4","port":4500}],"hosting":[{"address":"127.0.0.1","family":"IPv4","port":5000}]},"metadata":{"message":"assigned listening specs for emulators"}}
[debug] [2023-04-26T18:35:41.372Z] [hub] writing locator at C:\Users\getah\AppData\Local\Temp\hub-clone-901f7.json
[debug] [2023-04-26T18:35:41.395Z] [functions] Functions Emulator only supports listening on one address (127.0.0.1). Not listening on ::1
[debug] [2023-04-26T18:35:41.395Z] [eventarc] Eventarc Emulator only supports listening on one address (127.0.0.1). Not listening on ::1
[debug] [2023-04-26T18:35:41.395Z] late-assigned ports for functions and eventarc emulators {"user":{"hub":[{"address":"127.0.0.1","family":"IPv4","port":4400},{"address":"::1","family":"IPv6","port":4400}],"ui":[{"address":"127.0.0.1","family":"IPv4","port":4000},{"address":"::1","family":"IPv6","port":4000}],"logging":[{"address":"127.0.0.1","family":"IPv4","port":4500}],"hosting":[{"address":"127.0.0.1","family":"IPv4","port":5000}],"functions":[{"address":"127.0.0.1","family":"IPv4","port":5001}],"eventarc":[{"address":"127.0.0.1","family":"IPv4","port":9299}]},"metadata":{"message":"late-assigned ports for functions and eventarc emulators"}}
[warn] !  functions: The following emulators are not running, calls to these services from the Functions emulator will affect production: auth, firestore, database, pubsub, storage {"metadata":{"emulator":{"name":"functions"},"message":"The following emulators are not running, calls to these services from the Functions emulator will affect production: \u001b[1mauth, firestore, database, pubsub, storage\u001b[22m"}}
[debug] [2023-04-26T18:35:41.411Z] defaultcredentials: writing to file C:\Users\getah\AppData\Roaming\firebase\getah8235_gmail_com_application_default_credentials.json
[debug] [2023-04-26T18:35:41.422Z] Setting GAC to C:\Users\getah\AppData\Roaming\firebase\getah8235_gmail_com_application_default_credentials.json {"metadata":{"emulator":{"name":"functions"},"message":"Setting GAC to C:\\Users\\getah\\AppData\\Roaming\\firebase\\getah8235_gmail_com_application_default_credentials.json"}}
[debug] [2023-04-26T18:35:41.424Z] > refreshing access token with scopes: []
[debug] [2023-04-26T18:35:41.426Z] >>> [apiv2][query] POST https://www.googleapis.com/oauth2/v3/token [none]
[debug] [2023-04-26T18:35:41.426Z] >>> [apiv2][body] POST https://www.googleapis.com/oauth2/v3/token [omitted]
[debug] [2023-04-26T18:35:41.643Z] <<< [apiv2][status] POST https://www.googleapis.com/oauth2/v3/token 200
[debug] [2023-04-26T18:35:41.643Z] <<< [apiv2][body] POST https://www.googleapis.com/oauth2/v3/token [omitted]
[debug] [2023-04-26T18:35:41.654Z] >>> [apiv2][query] GET https://firebase.googleapis.com/v1beta1/projects/clone-901f7/adminSdkConfig [none]
[debug] [2023-04-26T18:35:42.058Z] <<< [apiv2][status] GET https://firebase.googleapis.com/v1beta1/projects/clone-901f7/adminSdkConfig 200
[debug] [2023-04-26T18:35:42.059Z] <<< [apiv2][body] GET https://firebase.googleapis.com/v1beta1/projects/clone-901f7/adminSdkConfig {"projectId":"clone-901f7","storageBucket":"clone-901f7.appspot.com"}
[debug] [2023-04-26T18:35:42.080Z] >>> [apiv2][query] GET https://firebasehosting.googleapis.com/v1beta1/projects/clone-901f7/sites 
[debug] [2023-04-26T18:35:42.544Z] <<< [apiv2][status] GET https://firebasehosting.googleapis.com/v1beta1/projects/clone-901f7/sites 200
[debug] [2023-04-26T18:35:42.544Z] <<< [apiv2][body] GET https://firebasehosting.googleapis.com/v1beta1/projects/clone-901f7/sites {"sites":[{"name":"projects/clone-901f7/sites/clone-901f7","defaultUrl":"https://clone-901f7.web.app","appId":"1:789997361775:web:9e425c9e7483d426198b9a","type":"DEFAULT_SITE"}]}
[debug] [2023-04-26T18:35:42.544Z] >>> [apiv2][query] GET https://firebase.googleapis.com/v1beta1/projects/clone-901f7/webApps/1:789997361775:web:9e425c9e7483d426198b9a/config [none]
[debug] [2023-04-26T18:35:42.996Z] <<< [apiv2][status] GET https://firebase.googleapis.com/v1beta1/projects/clone-901f7/webApps/1:789997361775:web:9e425c9e7483d426198b9a/config 200
[debug] [2023-04-26T18:35:42.996Z] <<< [apiv2][body] GET https://firebase.googleapis.com/v1beta1/projects/clone-901f7/webApps/1:789997361775:web:9e425c9e7483d426198b9a/config {"projectId":"clone-901f7","appId":"1:789997361775:web:9e425c9e7483d426198b9a","storageBucket":"clone-901f7.appspot.com","apiKey":"AIzaSyASx2SWxQDt5r9utAdIblXpE7yWY8V3wFI","authDomain":"clone-901f7.firebaseapp.com","messagingSenderId":"789997361775","measurementId":"G-RYH1GR7CMM"}
[debug] [2023-04-26T18:35:43.002Z] >>> [apiv2][query] GET https://firebase.googleapis.com/v1beta1/projects/clone-901f7 [none]
[debug] [2023-04-26T18:35:43.373Z] <<< [apiv2][status] GET https://firebase.googleapis.com/v1beta1/projects/clone-901f7 200
[debug] [2023-04-26T18:35:43.373Z] <<< [apiv2][body] GET https://firebase.googleapis.com/v1beta1/projects/clone-901f7 {"projectId":"clone-901f7","projectNumber":"789997361775","displayName":"Amazon-Clone","name":"projects/clone-901f7","resources":{"hostingSite":"clone-901f7"},"state":"ACTIVE","etag":"1_4a65fd09-a558-4708-8d51-551d7d7b8a86"}
[info] i  hosting[clone-901f7]: Serving hosting files from: build {"metadata":{"emulator":{"name":"hosting"},"message":"Serving hosting files from: \u001b[1mbuild\u001b[22m"}}
[info] +  hosting[clone-901f7]: Local server: http://127.0.0.1:5000 {"metadata":{"emulator":{"name":"hosting"},"message":"Local server: \u001b[4m\u001b[1mhttp://127.0.0.1:5000\u001b[22m\u001b[24m"}}
[debug] [2023-04-26T18:35:43.403Z] Ignoring unsupported arg: auto_download {"metadata":{"emulator":{"name":"ui"},"message":"Ignoring unsupported arg: auto_download"}}
[debug] [2023-04-26T18:35:43.403Z] Ignoring unsupported arg: port {"metadata":{"emulator":{"name":"ui"},"message":"Ignoring unsupported arg: port"}}
[debug] [2023-04-26T18:35:43.403Z] Starting Emulator UI with command {"binary":"node","args":["C:\\Users\\getah\\.cache\\firebase\\emulators\\ui-v1.11.5\\server\\server.js"],"optionalArgs":[],"joinArgs":false} {"metadata":{"emulator":{"name":"ui"},"message":"Starting Emulator UI with command {\"binary\":\"node\",\"args\":[\"C:\\\\Users\\\\getah\\\\.cache\\\\firebase\\\\emulators\\\\ui-v1.11.5\\\\server\\\\server.js\"],\"optionalArgs\":[],\"joinArgs\":false}"}}
[info] i  ui: Emulator UI logging to ui-debug.log {"metadata":{"emulator":{"name":"ui"},"message":"Emulator UI logging to \u001b[1mui-debug.log\u001b[22m"}}
[debug] [2023-04-26T18:35:43.559Z] Web / API server started at 127.0.0.1:4000
 {"metadata":{"emulator":{"name":"ui"},"message":"Web / API server started at 127.0.0.1:4000\n"}}
[debug] [2023-04-26T18:35:43.559Z] Web / API server started at ::1:4000
 {"metadata":{"emulator":{"name":"ui"},"message":"Web / API server started at ::1:4000\n"}}
[info] i  functions: Watching "C:\Users\getah\OneDrive\Desktop\Evangadi\Projects\Project-two\amazon-frontend-clone\functions" for Cloud Functions... {"metadata":{"emulator":{"name":"functions"},"message":"Watching \"C:\\Users\\getah\\OneDrive\\Desktop\\Evangadi\\Projects\\Project-two\\amazon-frontend-clone\\functions\" for Cloud Functions..."}}
[debug] [2023-04-26T18:35:43.697Z] Validating nodejs source
[debug] [2023-04-26T18:35:45.315Z] > [functions] package.json contents: {
  "name": "functions",
  "description": "Cloud Functions for Firebase",
  "scripts": {
    "lint": "eslint .",
    "serve": "firebase emulators:start --only functions",
    "shell": "firebase functions:shell",
    "start": "npm run shell",
    "deploy": "firebase deploy --only functions",
    "logs": "firebase functions:log"
  },
  "engines": {
    "node": "16"
  },
  "main": "index.js",
  "dependencies": {
    "cors": "^2.8.5",
    "express": "^4.18.2",
    "firebase-admin": "^11.5.0",
    "firebase-functions": "^4.2.0",
    "stripe": "^12.2.0"
  },
  "devDependencies": {
    "eslint": "^8.15.0",
    "eslint-config-google": "^0.14.0",
    "firebase-functions-test": "^3.0.0"
  },
  "private": true
}
[debug] [2023-04-26T18:35:45.315Z] Building nodejs source
[debug] [2023-04-26T18:35:45.316Z] Failed to find version of module node: reached end of search path C:\Users\getah\OneDrive\Desktop\Evangadi\Projects\Project-two\amazon-frontend-clone\functions\node_modules
[warn] !  functions: Your requested "node" version "16" doesn't match your global version "18". Using node@18 from host. 
[debug] [2023-04-26T18:35:45.319Z] Could not find functions.yaml. Must use http discovery
[debug] [2023-04-26T18:35:45.324Z] Found firebase-functions binary at 'C:\Users\getah\OneDrive\Desktop\Evangadi\Projects\Project-two\amazon-frontend-clone\functions\node_modules\.bin\firebase-functions'
[debug] [2023-04-26T18:35:45.618Z] Serving at port 8223

[debug] [2023-04-26T18:35:45.974Z] Got response from /__/functions.yaml {"endpoints":{"api":{"platform":"gcfv1","availableMemoryMb":null,"timeoutSeconds":null,"minInstances":null,"maxInstances":null,"ingressSettings":null,"serviceAccountEmail":null,"vpc":null,"httpsTrigger":{},"entryPoint":"api"}},"specVersion":"v1alpha1","requiredAPIs":[]}
[debug] [2023-04-26T18:35:45.982Z] shutdown requested via /__/quitquitquit

[info] +  functions: Loaded functions definitions from source: api. {"metadata":{"emulator":{"name":"functions"},"message":"Loaded functions definitions from source: api."}}
[info] +  functions[us-central1-api]: http function initialized (http://127.0.0.1:5001/clone-901f7/us-central1/api). {"metadata":{"emulator":{"name":"functions"},"message":"\u001b[1mhttp\u001b[22m function initialized (http://127.0.0.1:5001/clone-901f7/us-central1/api)."}}
[info] 
┌─────────────────────────────────────────────────────────────┐
│ ✔  All emulators ready! It is now safe to connect your app. │
│ i  View Emulator UI at http://127.0.0.1:4000/               │
└─────────────────────────────────────────────────────────────┘

┌───────────┬────────────────┬─────────────────────────────────┐
│ Emulator  │ Host:Port      │ View in Emulator UI             │
├───────────┼────────────────┼─────────────────────────────────┤
│ Functions │ 127.0.0.1:5001 │ http://127.0.0.1:4000/functions │
├───────────┼────────────────┼─────────────────────────────────┤
│ Hosting   │ 127.0.0.1:5000 │ n/a                             │
└───────────┴────────────────┴─────────────────────────────────┘
  Emulator Hub running at 127.0.0.1:4400
  Other reserved ports: 4500

Issues? Report them at https://github.com/firebase/firebase-tools/issues and attach the *-debug.log files.
 
[debug] [2023-04-26T18:36:09.194Z] [work-queue] {"queuedWork":["/clone-901f7/us-central1/api-2023-04-26T18:36:09.193Z"],"queueLength":1,"runningWork":[],"workRunningCount":0}
[debug] [2023-04-26T18:36:09.196Z] [work-queue] {"queuedWork":[],"queueLength":0,"runningWork":["/clone-901f7/us-central1/api-2023-04-26T18:36:09.193Z"],"workRunningCount":1}
[debug] [2023-04-26T18:36:09.198Z] Accepted request GET /clone-901f7/us-central1/api --> us-central1-api
[debug] [2023-04-26T18:36:09.215Z] [functions] Runtime ready! Sending request! {"metadata":{"emulator":{"name":"functions"},"message":"[functions] Runtime ready! Sending request!"}}
[debug] [2023-04-26T18:36:09.217Z] [functions] Got req.url=/clone-901f7/us-central1/api, mapping to path=/ {"metadata":{"emulator":{"name":"functions"},"message":"[functions] Got req.url=/clone-901f7/us-central1/api, mapping to path=/"}}
[debug] [2023-04-26T18:36:09.247Z] [worker-pool] addWorker(us-central1-api) {"metadata":{"emulator":{"name":"functions"},"message":"[worker-pool] addWorker(us-central1-api)"}}
[debug] [2023-04-26T18:36:09.249Z] [worker-pool] Adding worker with key us-central1-api, total=1 {"metadata":{"emulator":{"name":"functions"},"message":"[worker-pool] Adding worker with key us-central1-api, total=1"}}
[debug] [2023-04-26T18:36:12.078Z] [runtime-status] [1128] Resolved module firebase-admin {"declared":true,"installed":true,"version":"11.7.0","resolution":"C:\\Users\\getah\\OneDrive\\Desktop\\Evangadi\\Projects\\Project-two\\amazon-frontend-clone\\functions\\node_modules\\firebase-admin\\lib\\index.js"} {"metadata":{"emulator":{"name":"functions"},"function":{"name":"us-central1-api"},"extension":{},"message":"[runtime-status] [1128] Resolved module firebase-admin {\"declared\":true,\"installed\":true,\"version\":\"11.7.0\",\"resolution\":\"C:\\\\Users\\\\getah\\\\OneDrive\\\\Desktop\\\\Evangadi\\\\Projects\\\\Project-two\\\\amazon-frontend-clone\\\\functions\\\\node_modules\\\\firebase-admin\\\\lib\\\\index.js\"}"}}
[debug] [2023-04-26T18:36:12.081Z] [runtime-status] [1128] Resolved module firebase-functions {"declared":true,"installed":true,"version":"4.3.1","resolution":"C:\\Users\\getah\\OneDrive\\Desktop\\Evangadi\\Projects\\Project-two\\amazon-frontend-clone\\functions\\node_modules\\firebase-functions\\lib\\v1\\index.js"} {"metadata":{"emulator":{"name":"functions"},"function":{"name":"us-central1-api"},"extension":{},"message":"[runtime-status] [1128] Resolved module firebase-functions {\"declared\":true,\"installed\":true,\"version\":\"4.3.1\",\"resolution\":\"C:\\\\Users\\\\getah\\\\OneDrive\\\\Desktop\\\\Evangadi\\\\Projects\\\\Project-two\\\\amazon-frontend-clone\\\\functions\\\\node_modules\\\\firebase-functions\\\\lib\\\\v1\\\\index.js\"}"}}
[debug] [2023-04-26T18:36:12.082Z] [runtime-status] [1128] Outgoing network have been stubbed. [{"name":"http","status":"mocked"},{"name":"http","status":"mocked"},{"name":"https","status":"mocked"},{"name":"https","status":"mocked"},{"name":"net","status":"mocked"}] {"metadata":{"emulator":{"name":"functions"},"function":{"name":"us-central1-api"},"extension":{},"message":"[runtime-status] [1128] Outgoing network have been stubbed. [{\"name\":\"http\",\"status\":\"mocked\"},{\"name\":\"http\",\"status\":\"mocked\"},{\"name\":\"https\",\"status\":\"mocked\"},{\"name\":\"https\",\"status\":\"mocked\"},{\"name\":\"net\",\"status\":\"mocked\"}]"}}
[debug] [2023-04-26T18:36:12.085Z] [runtime-status] [1128] Resolved module firebase-functions {"declared":true,"installed":true,"version":"4.3.1","resolution":"C:\\Users\\getah\\OneDrive\\Desktop\\Evangadi\\Projects\\Project-two\\amazon-frontend-clone\\functions\\node_modules\\firebase-functions\\lib\\v1\\index.js"} {"metadata":{"emulator":{"name":"functions"},"function":{"name":"us-central1-api"},"extension":{},"message":"[runtime-status] [1128] Resolved module firebase-functions {\"declared\":true,\"installed\":true,\"version\":\"4.3.1\",\"resolution\":\"C:\\\\Users\\\\getah\\\\OneDrive\\\\Desktop\\\\Evangadi\\\\Projects\\\\Project-two\\\\amazon-frontend-clone\\\\functions\\\\node_modules\\\\firebase-functions\\\\lib\\\\v1\\\\index.js\"}"}}
[debug] [2023-04-26T18:36:12.561Z] [runtime-status] [1128] Checked functions.config() {"config":{}} {"metadata":{"emulator":{"name":"functions"},"function":{"name":"us-central1-api"},"extension":{},"message":"[runtime-status] [1128] Checked functions.config() {\"config\":{}}"}}
[debug] [2023-04-26T18:36:12.562Z] [runtime-status] [1128] firebase-functions has been stubbed. {"functionsResolution":{"declared":true,"installed":true,"version":"4.3.1","resolution":"C:\\Users\\getah\\OneDrive\\Desktop\\Evangadi\\Projects\\Project-two\\amazon-frontend-clone\\functions\\node_modules\\firebase-functions\\lib\\v1\\index.js"}} {"metadata":{"emulator":{"name":"functions"},"function":{"name":"us-central1-api"},"extension":{},"message":"[runtime-status] [1128] firebase-functions has been stubbed. {\"functionsResolution\":{\"declared\":true,\"installed\":true,\"version\":\"4.3.1\",\"resolution\":\"C:\\\\Users\\\\getah\\\\OneDrive\\\\Desktop\\\\Evangadi\\\\Projects\\\\Project-two\\\\amazon-frontend-clone\\\\functions\\\\node_modules\\\\firebase-functions\\\\lib\\\\v1\\\\index.js\"}}"}}
[debug] [2023-04-26T18:36:12.563Z] [runtime-status] [1128] Resolved module firebase-functions {"declared":true,"installed":true,"version":"4.3.1","resolution":"C:\\Users\\getah\\OneDrive\\Desktop\\Evangadi\\Projects\\Project-two\\amazon-frontend-clone\\functions\\node_modules\\firebase-functions\\lib\\v1\\index.js"} {"metadata":{"emulator":{"name":"functions"},"function":{"name":"us-central1-api"},"extension":{},"message":"[runtime-status] [1128] Resolved module firebase-functions {\"declared\":true,\"installed\":true,\"version\":\"4.3.1\",\"resolution\":\"C:\\\\Users\\\\getah\\\\OneDrive\\\\Desktop\\\\Evangadi\\\\Projects\\\\Project-two\\\\amazon-frontend-clone\\\\functions\\\\node_modules\\\\firebase-functions\\\\lib\\\\v1\\\\index.js\"}"}}
[debug] [2023-04-26T18:36:12.566Z] [runtime-status] [1128] Resolved module firebase-admin {"declared":true,"installed":true,"version":"11.7.0","resolution":"C:\\Users\\getah\\OneDrive\\Desktop\\Evangadi\\Projects\\Project-two\\amazon-frontend-clone\\functions\\node_modules\\firebase-admin\\lib\\index.js"} {"metadata":{"emulator":{"name":"functions"},"function":{"name":"us-central1-api"},"extension":{},"message":"[runtime-status] [1128] Resolved module firebase-admin {\"declared\":true,\"installed\":true,\"version\":\"11.7.0\",\"resolution\":\"C:\\\\Users\\\\getah\\\\OneDrive\\\\Desktop\\\\Evangadi\\\\Projects\\\\Project-two\\\\amazon-frontend-clone\\\\functions\\\\node_modules\\\\firebase-admin\\\\lib\\\\index.js\"}"}}
[debug] [2023-04-26T18:36:12.572Z] [runtime-status] [1128] Resolved module firebase-functions {"declared":true,"installed":true,"version":"4.3.1","resolution":"C:\\Users\\getah\\OneDrive\\Desktop\\Evangadi\\Projects\\Project-two\\amazon-frontend-clone\\functions\\node_modules\\firebase-functions\\lib\\v1\\index.js"} {"metadata":{"emulator":{"name":"functions"},"function":{"name":"us-central1-api"},"extension":{},"message":"[runtime-status] [1128] Resolved module firebase-functions {\"declared\":true,\"installed\":true,\"version\":\"4.3.1\",\"resolution\":\"C:\\\\Users\\\\getah\\\\OneDrive\\\\Desktop\\\\Evangadi\\\\Projects\\\\Project-two\\\\amazon-frontend-clone\\\\functions\\\\node_modules\\\\firebase-functions\\\\lib\\\\v1\\\\index.js\"}"}}
[debug] [2023-04-26T18:36:12.573Z] [runtime-status] [1128] firebase-admin has been stubbed. {"adminResolution":{"declared":true,"installed":true,"version":"11.7.0","resolution":"C:\\Users\\getah\\OneDrive\\Desktop\\Evangadi\\Projects\\Project-two\\amazon-frontend-clone\\functions\\node_modules\\firebase-admin\\lib\\index.js"}} {"metadata":{"emulator":{"name":"functions"},"function":{"name":"us-central1-api"},"extension":{},"message":"[runtime-status] [1128] firebase-admin has been stubbed. {\"adminResolution\":{\"declared\":true,\"installed\":true,\"version\":\"11.7.0\",\"resolution\":\"C:\\\\Users\\\\getah\\\\OneDrive\\\\Desktop\\\\Evangadi\\\\Projects\\\\Project-two\\\\amazon-frontend-clone\\\\functions\\\\node_modules\\\\firebase-admin\\\\lib\\\\index.js\"}}"}}
[debug] [2023-04-26T18:36:12.899Z] [runtime-status] [1128] Functions runtime initialized. {"cwd":"C:\\Users\\getah\\OneDrive\\Desktop\\Evangadi\\Projects\\Project-two\\amazon-frontend-clone\\functions","node_version":"18.15.0"} {"metadata":{"emulator":{"name":"functions"},"function":{"name":"us-central1-api"},"extension":{},"message":"[runtime-status] [1128] Functions runtime initialized. {\"cwd\":\"C:\\\\Users\\\\getah\\\\OneDrive\\\\Desktop\\\\Evangadi\\\\Projects\\\\Project-two\\\\amazon-frontend-clone\\\\functions\",\"node_version\":\"18.15.0\"}"}}
[debug] [2023-04-26T18:36:12.899Z] [runtime-status] [1128] Listening to port: \\?\pipe\fire_emu_a83aff64ff4492e3 {"metadata":{"emulator":{"name":"functions"},"function":{"name":"us-central1-api"},"extension":{},"message":"[runtime-status] [1128] Listening to port: \\\\?\\pipe\\fire_emu_a83aff64ff4492e3"}}
[debug] [2023-04-26T18:36:12.988Z] [worker-us-central1-api-7205d9a7-c74a-492a-b7ad-1f3f890c2327]: IDLE {"metadata":{"emulator":{"name":"functions"},"function":{"name":"us-central1-api"},"extension":{},"message":"[worker-us-central1-api-7205d9a7-c74a-492a-b7ad-1f3f890c2327]: IDLE"}}
[debug] [2023-04-26T18:36:12.989Z] [worker-pool] submitRequest(triggerId=us-central1-api) {"metadata":{"emulator":{"name":"functions"},"message":"[worker-pool] submitRequest(triggerId=us-central1-api)"}}
[info] i  functions: Beginning execution of "us-central1-api" {"metadata":{"emulator":{"name":"functions"},"function":{"name":"us-central1-api"},"extension":{},"message":"Beginning execution of \"us-central1-api\""}}
[debug] [2023-04-26T18:36:12.990Z] [worker-us-central1-api-7205d9a7-c74a-492a-b7ad-1f3f890c2327]: BUSY {"metadata":{"emulator":{"name":"functions"},"function":{"name":"us-central1-api"},"extension":{},"message":"[worker-us-central1-api-7205d9a7-c74a-492a-b7ad-1f3f890c2327]: BUSY"}}
[info] i  functions: Finished "us-central1-api" in 9.873ms {"metadata":{"emulator":{"name":"functions"},"function":{"name":"us-central1-api"},"extension":{},"message":"Finished \"us-central1-api\" in 9.873ms"}}
[debug] [2023-04-26T18:36:13.001Z] [worker-us-central1-api-7205d9a7-c74a-492a-b7ad-1f3f890c2327]: IDLE {"metadata":{"emulator":{"name":"functions"},"function":{"name":"us-central1-api"},"extension":{},"message":"[worker-us-central1-api-7205d9a7-c74a-492a-b7ad-1f3f890c2327]: IDLE"}}
[debug] [2023-04-26T18:36:13.002Z] [work-queue] {"queuedWork":[],"queueLength":0,"runningWork":[],"workRunningCount":0}
[debug] [2023-04-26T18:36:13.342Z] Functions emulator received unknown request at path /favicon.ico
[debug] [2023-04-26T18:38:19.720Z] [work-queue] {"queuedWork":["/clone-901f7/us-central1/api/payments/create-2023-04-26T18:38:19.720Z"],"queueLength":1,"runningWork":[],"workRunningCount":0}
[debug] [2023-04-26T18:38:19.720Z] [work-queue] {"queuedWork":[],"queueLength":0,"runningWork":["/clone-901f7/us-central1/api/payments/create-2023-04-26T18:38:19.720Z"],"workRunningCount":1}
[debug] [2023-04-26T18:38:19.720Z] Accepted request POST /clone-901f7/us-central1/api/payments/create?total=182899 --> us-central1-api
[debug] [2023-04-26T18:38:19.728Z] [functions] Runtime ready! Sending request! {"metadata":{"emulator":{"name":"functions"},"message":"[functions] Runtime ready! Sending request!"}}
[debug] [2023-04-26T18:38:19.729Z] [functions] Got req.url=/clone-901f7/us-central1/api/payments/create?total=182899, mapping to path=/payments/create?total=182899 {"metadata":{"emulator":{"name":"functions"},"message":"[functions] Got req.url=/clone-901f7/us-central1/api/payments/create?total=182899, mapping to path=/payments/create?total=182899"}}
[debug] [2023-04-26T18:38:19.729Z] [worker-pool] submitRequest(triggerId=us-central1-api) {"metadata":{"emulator":{"name":"functions"},"message":"[worker-pool] submitRequest(triggerId=us-central1-api)"}}
[info] i  functions: Beginning execution of "us-central1-api" {"metadata":{"emulator":{"name":"functions"},"function":{"name":"us-central1-api"},"extension":{},"message":"Beginning execution of \"us-central1-api\""}}
[debug] [2023-04-26T18:38:19.731Z] [worker-us-central1-api-7205d9a7-c74a-492a-b7ad-1f3f890c2327]: BUSY {"metadata":{"emulator":{"name":"functions"},"function":{"name":"us-central1-api"},"extension":{},"message":"[worker-us-central1-api-7205d9a7-c74a-492a-b7ad-1f3f890c2327]: BUSY"}}
[info] >  Payment Request Recieved for this amount >>>  182899 {"user":"Payment Request Recieved for this amount >>>  182899","metadata":{"emulator":{"name":"functions"},"function":{"name":"us-central1-api"},"extension":{},"message":"\u001b[90m> \u001b[39m Payment Request Recieved for this amount >>>  182899"}}
[info] i  functions: Finished "us-central1-api" in 548.1876ms {"metadata":{"emulator":{"name":"functions"},"function":{"name":"us-central1-api"},"extension":{},"message":"Finished \"us-central1-api\" in 548.1876ms"}}
[debug] [2023-04-26T18:38:20.281Z] [worker-us-central1-api-7205d9a7-c74a-492a-b7ad-1f3f890c2327]: IDLE {"metadata":{"emulator":{"name":"functions"},"function":{"name":"us-central1-api"},"extension":{},"message":"[worker-us-central1-api-7205d9a7-c74a-492a-b7ad-1f3f890c2327]: IDLE"}}
[debug] [2023-04-26T18:38:20.282Z] [work-queue] {"queuedWork":[],"queueLength":0,"runningWork":[],"workRunningCount":0}
[debug] [2023-04-26T18:43:53.487Z] [work-queue] {"queuedWork":["/clone-901f7/us-central1/api/payments/create-2023-04-26T18:43:53.487Z"],"queueLength":1,"runningWork":[],"workRunningCount":0}
[debug] [2023-04-26T18:43:53.488Z] [work-queue] {"queuedWork":[],"queueLength":0,"runningWork":["/clone-901f7/us-central1/api/payments/create-2023-04-26T18:43:53.487Z"],"workRunningCount":1}
[debug] [2023-04-26T18:43:53.488Z] Accepted request POST /clone-901f7/us-central1/api/payments/create?total=130496 --> us-central1-api
[debug] [2023-04-26T18:43:53.495Z] [functions] Runtime ready! Sending request! {"metadata":{"emulator":{"name":"functions"},"message":"[functions] Runtime ready! Sending request!"}}
[debug] [2023-04-26T18:43:53.496Z] [functions] Got req.url=/clone-901f7/us-central1/api/payments/create?total=130496, mapping to path=/payments/create?total=130496 {"metadata":{"emulator":{"name":"functions"},"message":"[functions] Got req.url=/clone-901f7/us-central1/api/payments/create?total=130496, mapping to path=/payments/create?total=130496"}}
[debug] [2023-04-26T18:43:53.496Z] [worker-pool] submitRequest(triggerId=us-central1-api) {"metadata":{"emulator":{"name":"functions"},"message":"[worker-pool] submitRequest(triggerId=us-central1-api)"}}
[info] i  functions: Beginning execution of "us-central1-api" {"metadata":{"emulator":{"name":"functions"},"function":{"name":"us-central1-api"},"extension":{},"message":"Beginning execution of \"us-central1-api\""}}
[debug] [2023-04-26T18:43:53.497Z] [worker-us-central1-api-7205d9a7-c74a-492a-b7ad-1f3f890c2327]: BUSY {"metadata":{"emulator":{"name":"functions"},"function":{"name":"us-central1-api"},"extension":{},"message":"[worker-us-central1-api-7205d9a7-c74a-492a-b7ad-1f3f890c2327]: BUSY"}}
[info] >  Payment Request Recieved for this amount >>>  130496 {"user":"Payment Request Recieved for this amount >>>  130496","metadata":{"emulator":{"name":"functions"},"function":{"name":"us-central1-api"},"extension":{},"message":"\u001b[90m> \u001b[39m Payment Request Recieved for this amount >>>  130496"}}
[info] i  functions: Finished "us-central1-api" in 307.0647ms {"metadata":{"emulator":{"name":"functions"},"function":{"name":"us-central1-api"},"extension":{},"message":"Finished \"us-central1-api\" in 307.0647ms"}}
[debug] [2023-04-26T18:43:53.807Z] [worker-us-central1-api-7205d9a7-c74a-492a-b7ad-1f3f890c2327]: IDLE {"metadata":{"emulator":{"name":"functions"},"function":{"name":"us-central1-api"},"extension":{},"message":"[worker-us-central1-api-7205d9a7-c74a-492a-b7ad-1f3f890c2327]: IDLE"}}
[debug] [2023-04-26T18:43:53.808Z] [work-queue] {"queuedWork":[],"queueLength":0,"runningWork":[],"workRunningCount":0}
